spin: PingPong.pml:49, redundant skip
  0:	proc  - (:root:) creates proc  0 (:init:)
spin: PingPong.pml:0, warning, global, 'bit   pActiveBalls' variable is never used (other than in print stmnts)
Starting Referee with pid 1
  1:	proc  0 (:init::1) creates proc  1 (Referee)
  1:	proc  0 (:init::1) PingPong.pml:56 (state 1)	[(run Referee())]

Selected: 1

  2:	proc  1 (Referee:1) PingPong.pml:30 (state -)	[values: 1!BALL]
  2:	proc  1 (Referee:1) PingPong.pml:30 (state 1)	[chRefToPs!BALL]
		queue 1 (chRefToPs): [BALL]

Selected: 2

Starting Player with pid 2
  3:	proc  0 (:init::1) creates proc  2 (Player)
  3:	proc  0 (:init::1) PingPong.pml:57 (state 2)	[(run Player(1))]

Selected: 3

Starting Player with pid 3
  4:	proc  0 (:init::1) creates proc  3 (Player)
  4:	proc  0 (:init::1) PingPong.pml:58 (state 3)	[(run Player(2))]

Selected: 1

hi I am player 2  5:	proc  3 (Player:1) PingPong.pml:35 (state 1)	[printf('hi I am player %d',playerNumber)]

Selected: 2

hi I am player 1  6:	proc  2 (Player:1) PingPong.pml:35 (state 1)	[printf('hi I am player %d',playerNumber)]

Selected: 1

  7:	proc  3 (Player:1) PingPong.pml:38 (state 2)	[(1)]

Selected: 5

  8:	proc  2 (Player:1) PingPong.pml:38 (state 2)	[(1)]

Selected: 4

  9:	proc  3 (Player:1) PingPong.pml:49 (state 17)	[(1)]

Selected: 5

 10:	proc  2 (Player:1) PingPong.pml:49 (state 17)	[(1)]

Selected: 1

 11:	proc  3 (Player:1) PingPong.pml:49 (state 18)	[(1)]

Selected: 2

 12:	proc  2 (Player:1) PingPong.pml:49 (state 18)	[(1)]

Selected: 1

 13:	proc  3 (Player:1) PingPong.pml:38 (state 2)	[(1)]

Selected: 5

 14:	proc  2 (Player:1) PingPong.pml:38 (state 2)	[(1)]

Selected: 1

 15:	proc  3 (Player:1) PingPong.pml:41 (state -)	[values: 1?BALL]
 15:	proc  3 (Player:1) PingPong.pml:41 (state 3)	[chRefToPs?BALL]
		queue 1 (chRefToPs): 

Selected: 1

send a ball 16:	proc  3 (Player:1) PingPong.pml:42 (state 4)	[printf('send a ball')]

Selected: 6

 17:	proc  2 (Player:1) PingPong.pml:49 (state 17)	[(1)]

Selected: 3

 18:	proc  2 (Player:1) PingPong.pml:49 (state 18)	[(1)]

Selected: 2

 19:	proc  3 (Player:1) PingPong.pml:45 (state 7)	[((playerNumber==2))]

Selected: 1

 20:	proc  3 (Player:1) PingPong.pml:45 (state -)	[values: 3!BALL]
 20:	proc  3 (Player:1) PingPong.pml:45 (state 8)	[chP2ToP1!BALL]
		queue 3 (chP2ToP1): [BALL]

Selected: 2

 21:	proc  2 (Player:1) PingPong.pml:38 (state 2)	[(1)]

Selected: 4

 22:	proc  2 (Player:1) PingPong.pml:48 (state -)	[values: 3?BALL]
 22:	proc  2 (Player:1) PingPong.pml:48 (state 14)	[chP2ToP1?BALL]
		queue 3 (chP2ToP1): 

Selected: 2

send ball 23:	proc  2 (Player:1) PingPong.pml:48 (state 15)	[printf('send ball')]

Selected: 2

 24:	proc  2 (Player:1) PingPong.pml:48 (state -)	[values: 2!BALL]
 24:	proc  2 (Player:1) PingPong.pml:48 (state 16)	[chP1ToP2!BALL]
		queue 2 (chP1ToP2): [BALL]

Selected: 1

 25:	proc  3 (Player:1) PingPong.pml:38 (state 2)	[(1)]

Selected: 2

 26:	proc  3 (Player:1) PingPong.pml:47 (state -)	[values: 2?BALL]
 26:	proc  3 (Player:1) PingPong.pml:47 (state 11)	[chP1ToP2?BALL]
		queue 2 (chP1ToP2): 

Selected: 1

send ball 27:	proc  3 (Player:1) PingPong.pml:47 (state 12)	[printf('send ball')]

Selected: 1

 28:	proc  3 (Player:1) PingPong.pml:47 (state -)	[values: 3!BALL]
 28:	proc  3 (Player:1) PingPong.pml:47 (state 13)	[chP2ToP1!BALL]
		queue 3 (chP2ToP1): [BALL]

Selected: 2

 29:	proc  2 (Player:1) PingPong.pml:38 (state 2)	[(1)]

Selected: 4

 30:	proc  2 (Player:1) PingPong.pml:48 (state -)	[values: 3?BALL]
 30:	proc  2 (Player:1) PingPong.pml:48 (state 14)	[chP2ToP1?BALL]
		queue 3 (chP2ToP1): 

Selected: 2

send ball 31:	proc  2 (Player:1) PingPong.pml:48 (state 15)	[printf('send ball')]

Selected: 2

 32:	proc  2 (Player:1) PingPong.pml:48 (state -)	[values: 2!BALL]
 32:	proc  2 (Player:1) PingPong.pml:48 (state 16)	[chP1ToP2!BALL]
		queue 2 (chP1ToP2): [BALL]

Selected: 1

 33:	proc  3 (Player:1) PingPong.pml:38 (state 2)	[(1)]

Selected: 2

 34:	proc  3 (Player:1) PingPong.pml:47 (state -)	[values: 2?BALL]
 34:	proc  3 (Player:1) PingPong.pml:47 (state 11)	[chP1ToP2?BALL]
		queue 2 (chP1ToP2): 

Selected: 1

send ball 35:	proc  3 (Player:1) PingPong.pml:47 (state 12)	[printf('send ball')]

Selected: 1

 36:	proc  3 (Player:1) PingPong.pml:47 (state -)	[values: 3!BALL]
 36:	proc  3 (Player:1) PingPong.pml:47 (state 13)	[chP2ToP1!BALL]
		queue 3 (chP2ToP1): [BALL]

Selected: q